2022-12-29 19:40:11,397 main process is 49671
2022-12-29 19:40:11,399 core number is 2
2022-12-29 19:40:13,139  2018-01-01 00:00:00-2018-01-01 12:00:00 Collected Tweet Count:  212
2022-12-29 19:40:13,151 collection time:1.7270088195800781
2022-12-29 19:40:29,125  2018-01-01 12:00:00-2018-01-02 00:00:00 Collected Tweet Count:  260
2022-12-29 19:40:29,160 collection time:1.492105484008789
2022-12-29 19:41:46,226 Prediction time is 88.04265713691711s
2022-12-29 19:41:46,234 Total Sentences: 212, Predicted Related Sentences: 4
2022-12-29 19:41:48,016 2018-01-01T00:00:00Z-2018-01-02T0:00:00Z Prediction Finished
2022-12-29 19:42:38,783 main process is 50307
2022-12-29 19:42:38,784 core number is 2
2022-12-29 19:42:40,417  2018-01-01 00:00:00-2018-01-01 12:00:00 Collected Tweet Count:  212
2022-12-29 19:42:40,429 collection time:1.6204910278320312
2022-12-29 19:42:42,325  2018-01-01 12:00:00-2018-01-02 00:00:00 Collected Tweet Count:  260
2022-12-29 19:42:42,340 collection time:1.9077997207641602
2022-12-29 19:44:13,772 Prediction time is 88.35510492324829s
2022-12-29 19:44:13,778 Total Sentences: 212, Predicted Related Sentences: 4
2022-12-29 19:44:13,859 2018-01-01T00:00:00Z-2018-01-02T0:00:00Z Prediction Finished
2022-12-29 19:45:58,966 Prediction time is 100.10261344909668s
2022-12-29 19:45:58,971 Total Sentences: 260, Predicted Related Sentences: 5
2022-12-29 19:45:59,268 2018-01-01T00:00:00Z-2018-01-02T0:00:00Z Prediction Finished
